<?xml version="1.0" encoding="UTF-8"?>
<testsuite name="AppTest.LoginPageTest" tests="1" skipped="0" failures="0" errors="0" timestamp="2021-08-17T15:29:41" hostname="HOME" time="13.274">
  <properties/>
  <testcase name="appLoginTest" classname="AppTest.LoginPageTest" time="13.274"/>
  <system-out><![CDATA[]]></system-out>
  <system-err><![CDATA[Starting ChromeDriver 92.0.4515.107 (87a818b10553a07434ea9e2b6dccf3cbe7895134-refs/branch-heads/4515@{#1634}) on port 12111
Only local connections are allowed.
Please see https://chromedriver.chromium.org/security-considerations for suggestions on keeping ChromeDriver safe.
ChromeDriver was started successfully.
Aug 17, 2021 10:29:43 AM org.openqa.selenium.remote.ProtocolHandshake createSession
INFO: Detected dialect: W3C
]]></system-err>
</testsuite>
